N E X T F L O W  ~  version 21.10.0
Launching `/app/workflows_user/feature_based_molecular_networking_workflow/nf_workflow.nf` [naughty_kare] - revision: 7e0a32c1a8
[-        ] process > filesummary                    -
[-        ] process > quantification_table_reform... -
[-        ] process > filter_spectra                 -

[-        ] process > filesummary                    -
[-        ] process > quantification_table_reform... -
[-        ] process > filter_spectra                 -
[-        ] process > librarySearchData              -
[-        ] process > librarymergeResults            -
[-        ] process > summaryLibrary                 -
[-        ] process > librarygetGNPSAnnotations      -
[-        ] process > networkingGNPSPrepParams       -
[-        ] process > calculatePairs                 -
[-        ] process > filterNetwork                  -
[-        ] process > createMetadataFile             -
[-        ] process > calculateGroupings             -
[-        ] process > enrichClusterSummary           -
[-        ] process > createNetworkGraphML           -

executor >  local (9)
[-        ] process > filesummary                    [  0%] 0 of 1
[-        ] process > quantification_table_reform... [  0%] 0 of 1
[-        ] process > filter_spectra                 -
[-        ] process > librarySearchData              -
[-        ] process > librarymergeResults            -
[ed/72a566] process > summaryLibrary (20)            [  0%] 0 of 60
[-        ] process > librarygetGNPSAnnotations      -
[-        ] process > networkingGNPSPrepParams       -
[-        ] process > calculatePairs                 -
[-        ] process > filterNetwork                  -
[-        ] process > createMetadataFile             [  0%] 0 of 1
[-        ] process > calculateGroupings             -
[-        ] process > enrichClusterSummary           -
[-        ] process > createNetworkGraphML           -

executor >  local (15)
[-        ] process > filesummary                    [  0%] 0 of 1
[d0/9c59e3] process > quantification_table_reform... [  0%] 0 of 1
[-        ] process > filter_spectra                 -
[-        ] process > librarySearchData              -
[-        ] process > librarymergeResults            -
[75/0aea2e] process > summaryLibrary (11)            [  0%] 0 of 62
[-        ] process > librarygetGNPSAnnotations      -
[-        ] process > networkingGNPSPrepParams       -
[-        ] process > calculatePairs                 -
[-        ] process > filterNetwork                  -
[-        ] process > createMetadataFile             [  0%] 0 of 1
[-        ] process > calculateGroupings             -
[-        ] process > enrichClusterSummary           -
[-        ] process > createNetworkGraphML           -

executor >  local (22)
[-        ] process > filesummary                    [  0%] 0 of 1
[d0/9c59e3] process > quantification_table_reform... [  0%] 0 of 1
[-        ] process > filter_spectra                 -
[-        ] process > librarySearchData              -
[-        ] process > librarymergeResults            -
[b1/92ffd7] process > summaryLibrary (36)            [  0%] 0 of 62
[-        ] process > librarygetGNPSAnnotations      -
[-        ] process > networkingGNPSPrepParams       -
[-        ] process > calculatePairs                 -
[-        ] process > filterNetwork                  -
[-        ] process > createMetadataFile             [  0%] 0 of 1
[-        ] process > calculateGroupings             -
[-        ] process > enrichClusterSummary           -
[-        ] process > createNetworkGraphML           -

executor >  local (29)
[-        ] process > filesummary                    [  0%] 0 of 1
[d0/9c59e3] process > quantification_table_reform... [  0%] 0 of 1
[-        ] process > filter_spectra                 -
[-        ] process > librarySearchData              -
[-        ] process > librarymergeResults            -
[e8/8299c0] process > summaryLibrary (25)            [  0%] 0 of 62
[-        ] process > librarygetGNPSAnnotations      -
[-        ] process > networkingGNPSPrepParams       -
[-        ] process > calculatePairs                 -
[-        ] process > filterNetwork                  -
[-        ] process > createMetadataFile             [  0%] 0 of 1
[-        ] process > calculateGroupings             -
[-        ] process > enrichClusterSummary           -
[-        ] process > createNetworkGraphML           -

executor >  local (39)
[aa/e00e32] process > filesummary (1)                [  0%] 0 of 1
[d0/9c59e3] process > quantification_table_reform... [  0%] 0 of 1
[-        ] process > filter_spectra                 -
[-        ] process > librarySearchData              -
[-        ] process > librarymergeResults            -
[45/6daf34] process > summaryLibrary (60)            [  0%] 0 of 62
[-        ] process > librarygetGNPSAnnotations      -
[-        ] process > networkingGNPSPrepParams       -
[-        ] process > calculatePairs                 -
[-        ] process > filterNetwork                  -
[-        ] process > createMetadataFile             [  0%] 0 of 1
[-        ] process > calculateGroupings             -
[-        ] process > enrichClusterSummary           -
[-        ] process > createNetworkGraphML           -

executor >  local (42)
[aa/e00e32] process > filesummary (1)                [  0%] 0 of 1
[d0/9c59e3] process > quantification_table_reform... [  0%] 0 of 1
[-        ] process > filter_spectra                 -
[-        ] process > librarySearchData              -
[-        ] process > librarymergeResults            -
[95/2fa957] process > summaryLibrary (54)            [  0%] 0 of 62
[-        ] process > librarygetGNPSAnnotations      -
[-        ] process > networkingGNPSPrepParams       -
[-        ] process > calculatePairs                 -
[-        ] process > filterNetwork                  -
[c6/ae86ea] process > createMetadataFile             [  0%] 0 of 1
[-        ] process > calculateGroupings             -
[-        ] process > enrichClusterSummary           -
[-        ] process > createNetworkGraphML           -

executor >  local (45)
[aa/e00e32] process > filesummary (1)                [  0%] 0 of 1
[d0/9c59e3] process > quantification_table_reform... [  0%] 0 of 1
[-        ] process > filter_spectra                 -
[-        ] process > librarySearchData              -
[-        ] process > librarymergeResults            -
[2e/5a81fa] process > summaryLibrary (24)            [  0%] 0 of 62
[-        ] process > librarygetGNPSAnnotations      -
[-        ] process > networkingGNPSPrepParams       -
[-        ] process > calculatePairs                 -
[-        ] process > filterNetwork                  -
[c6/ae86ea] process > createMetadataFile             [  0%] 0 of 1
[-        ] process > calculateGroupings             -
[-        ] process > enrichClusterSummary           -
[-        ] process > createNetworkGraphML           -

executor >  local (48)
[aa/e00e32] process > filesummary (1)                [  0%] 0 of 1
[d0/9c59e3] process > quantification_table_reform... [  0%] 0 of 1
[-        ] process > filter_spectra                 -
[-        ] process > librarySearchData              -
[-        ] process > librarymergeResults            -
[14/ae7e7f] process > summaryLibrary (26)            [  0%] 0 of 62
[-        ] process > librarygetGNPSAnnotations      -
[-        ] process > networkingGNPSPrepParams       -
[-        ] process > calculatePairs                 -
[-        ] process > filterNetwork                  -
[c6/ae86ea] process > createMetadataFile             [  0%] 0 of 1
[-        ] process > calculateGroupings             -
[-        ] process > enrichClusterSummary           -
[-        ] process > createNetworkGraphML           -

executor >  local (52)
[aa/e00e32] process > filesummary (1)                [  0%] 0 of 1
[d0/9c59e3] process > quantification_table_reform... [  0%] 0 of 1
[-        ] process > filter_spectra                 -
[-        ] process > librarySearchData              -
[-        ] process > librarymergeResults            -
[4e/29fe34] process > summaryLibrary (19)            [  0%] 0 of 62
[-        ] process > librarygetGNPSAnnotations      -
[-        ] process > networkingGNPSPrepParams       -
[-        ] process > calculatePairs                 -
[-        ] process > filterNetwork                  -
[c6/ae86ea] process > createMetadataFile             [  0%] 0 of 1
[-        ] process > calculateGroupings             -
[-        ] process > enrichClusterSummary           -
[-        ] process > createNetworkGraphML           -

executor >  local (54)
[aa/e00e32] process > filesummary (1)                [  0%] 0 of 1
[d0/9c59e3] process > quantification_table_reform... [  0%] 0 of 1
[-        ] process > filter_spectra                 -
[-        ] process > librarySearchData              -
[-        ] process > librarymergeResults            -
[ca/2968d3] process > summaryLibrary (62)            [  0%] 0 of 62
[-        ] process > librarygetGNPSAnnotations      -
[-        ] process > networkingGNPSPrepParams       -
[-        ] process > calculatePairs                 -
[-        ] process > filterNetwork                  -
[c6/ae86ea] process > createMetadataFile             [  0%] 0 of 1
[-        ] process > calculateGroupings             -
[-        ] process > enrichClusterSummary           -
[-        ] process > createNetworkGraphML           -

executor >  local (61)
[aa/e00e32] process > filesummary (1)                [  0%] 0 of 1
[d0/9c59e3] process > quantification_table_reform... [  0%] 0 of 1
[-        ] process > filter_spectra                 -
[-        ] process > librarySearchData              -
[-        ] process > librarymergeResults            -
[1e/b2197f] process > summaryLibrary (37)            [  0%] 0 of 62
[-        ] process > librarygetGNPSAnnotations      -
[-        ] process > networkingGNPSPrepParams       -
[-        ] process > calculatePairs                 -
[-        ] process > filterNetwork                  -
[c6/ae86ea] process > createMetadataFile             [  0%] 0 of 1
[-        ] process > calculateGroupings             -
[-        ] process > enrichClusterSummary           -
[-        ] process > createNetworkGraphML           -

executor >  local (64)
[aa/e00e32] process > filesummary (1)                [  0%] 0 of 1
[d0/9c59e3] process > quantification_table_reform... [  0%] 0 of 1
[-        ] process > filter_spectra                 -
[-        ] process > librarySearchData              -
[-        ] process > librarymergeResults            -
[d3/cd2a33] process > summaryLibrary (41)            [  0%] 0 of 62
[-        ] process > librarygetGNPSAnnotations      -
[-        ] process > networkingGNPSPrepParams       -
[-        ] process > calculatePairs                 -
[-        ] process > filterNetwork                  -
[c6/ae86ea] process > createMetadataFile             [  0%] 0 of 1
[-        ] process > calculateGroupings             -
[-        ] process > enrichClusterSummary           -
[-        ] process > createNetworkGraphML           -

executor >  local (65)
[aa/e00e32] process > filesummary (1)                [  0%] 0 of 1
[d0/9c59e3] process > quantification_table_reform... [  0%] 0 of 1
[-        ] process > filter_spectra                 -
[-        ] process > librarySearchData              -
[-        ] process > librarymergeResults            -
[79/ff6ddd] process > summaryLibrary (7)             [  0%] 0 of 62
[-        ] process > librarygetGNPSAnnotations      -
[-        ] process > networkingGNPSPrepParams       -
[-        ] process > calculatePairs                 -
[-        ] process > filterNetwork                  -
[c6/ae86ea] process > createMetadataFile             [  0%] 0 of 1
[-        ] process > calculateGroupings             -
[-        ] process > enrichClusterSummary           -
[-        ] process > createNetworkGraphML           -

executor >  local (65)
[aa/e00e32] process > filesummary (1)                [  0%] 0 of 1
[d0/9c59e3] process > quantification_table_reform... [  0%] 0 of 1
[-        ] process > filter_spectra                 -
[-        ] process > librarySearchData              -
[-        ] process > librarymergeResults            -
[ef/27d8de] process > summaryLibrary (5)             [  1%] 1 of 62
[-        ] process > librarygetGNPSAnnotations      -
[-        ] process > networkingGNPSPrepParams       -
[-        ] process > calculatePairs                 -
[-        ] process > filterNetwork                  -
[c6/ae86ea] process > createMetadataFile             [  0%] 0 of 1
[-        ] process > calculateGroupings             -
[-        ] process > enrichClusterSummary           -
[-        ] process > createNetworkGraphML           -

executor >  local (65)
[aa/e00e32] process > filesummary (1)                [  0%] 0 of 1
[d0/9c59e3] process > quantification_table_reform... [  0%] 0 of 1
[-        ] process > filter_spectra                 -
[-        ] process > librarySearchData              -
[-        ] process > librarymergeResults            -
[9c/582d46] process > summaryLibrary (29)            [  6%] 4 of 62
[-        ] process > librarygetGNPSAnnotations      -
[-        ] process > networkingGNPSPrepParams       -
[-        ] process > calculatePairs                 -
[-        ] process > filterNetwork                  -
[c6/ae86ea] process > createMetadataFile             [  0%] 0 of 1
[-        ] process > calculateGroupings             -
[-        ] process > enrichClusterSummary           -
[-        ] process > createNetworkGraphML           -

executor >  local (65)
[aa/e00e32] process > filesummary (1)                [  0%] 0 of 1
[d0/9c59e3] process > quantification_table_reform... [  0%] 0 of 1
[-        ] process > filter_spectra                 -
[-        ] process > librarySearchData              -
[-        ] process > librarymergeResults            -
[4e/31e34a] process > summaryLibrary (23)            [ 11%] 7 of 62
[-        ] process > librarygetGNPSAnnotations      -
[-        ] process > networkingGNPSPrepParams       -
[-        ] process > calculatePairs                 -
[-        ] process > filterNetwork                  -
[c6/ae86ea] process > createMetadataFile             [  0%] 0 of 1
[-        ] process > calculateGroupings             -
[-        ] process > enrichClusterSummary           -
[-        ] process > createNetworkGraphML           -

executor >  local (65)
[aa/e00e32] process > filesummary (1)                [  0%] 0 of 1
[d0/9c59e3] process > quantification_table_reform... [  0%] 0 of 1
[-        ] process > filter_spectra                 -
[-        ] process > librarySearchData              -
[-        ] process > librarymergeResults            -
[7c/86500b] process > summaryLibrary (35)            [ 14%] 9 of 62
[-        ] process > librarygetGNPSAnnotations      -
[-        ] process > networkingGNPSPrepParams       -
[-        ] process > calculatePairs                 -
[-        ] process > filterNetwork                  -
[c6/ae86ea] process > createMetadataFile             [  0%] 0 of 1
[-        ] process > calculateGroupings             -
[-        ] process > enrichClusterSummary           -
[-        ] process > createNetworkGraphML           -

executor >  local (65)
[aa/e00e32] process > filesummary (1)                [  0%] 0 of 1
[d0/9c59e3] process > quantification_table_reform... [  0%] 0 of 1
[-        ] process > filter_spectra                 -
[-        ] process > librarySearchData              -
[-        ] process > librarymergeResults            -
[75/0aea2e] process > summaryLibrary (11)            [ 16%] 10 of 62
[-        ] process > librarygetGNPSAnnotations      -
[-        ] process > networkingGNPSPrepParams       -
[-        ] process > calculatePairs                 -
[-        ] process > filterNetwork                  -
[c6/ae86ea] process > createMetadataFile             [  0%] 0 of 1
[-        ] process > calculateGroupings             -
[-        ] process > enrichClusterSummary           -
[-        ] process > createNetworkGraphML           -

executor >  local (65)
[aa/e00e32] process > filesummary (1)                [  0%] 0 of 1
[d0/9c59e3] process > quantification_table_reform... [  0%] 0 of 1
[-        ] process > filter_spectra                 -
[-        ] process > librarySearchData              -
[-        ] process > librarymergeResults            -
[6c/a19e0d] process > summaryLibrary (15)            [ 20%] 13 of 62
[-        ] process > librarygetGNPSAnnotations      -
[-        ] process > networkingGNPSPrepParams       -
[-        ] process > calculatePairs                 -
[-        ] process > filterNetwork                  -
[c6/ae86ea] process > createMetadataFile             [  0%] 0 of 1
[-        ] process > calculateGroupings             -
[-        ] process > enrichClusterSummary           -
[-        ] process > createNetworkGraphML           -

executor >  local (65)
[aa/e00e32] process > filesummary (1)                [  0%] 0 of 1
[d0/9c59e3] process > quantification_table_reform... [  0%] 0 of 1
[-        ] process > filter_spectra                 -
[-        ] process > librarySearchData              -
[-        ] process > librarymergeResults            -
[f1/547831] process > summaryLibrary (27)            [ 30%] 19 of 62
[-        ] process > librarygetGNPSAnnotations      -
[-        ] process > networkingGNPSPrepParams       -
[-        ] process > calculatePairs                 -
[-        ] process > filterNetwork                  -
[c6/ae86ea] process > createMetadataFile             [  0%] 0 of 1
[-        ] process > calculateGroupings             -
[-        ] process > enrichClusterSummary           -
[-        ] process > createNetworkGraphML           -

executor >  local (65)
[aa/e00e32] process > filesummary (1)                [  0%] 0 of 1
[d0/9c59e3] process > quantification_table_reform... [  0%] 0 of 1
[-        ] process > filter_spectra                 -
[-        ] process > librarySearchData              -
[-        ] process > librarymergeResults            -
[e4/450b7b] process > summaryLibrary (53)            [ 35%] 22 of 62
[-        ] process > librarygetGNPSAnnotations      -
[-        ] process > networkingGNPSPrepParams       -
[-        ] process > calculatePairs                 -
[-        ] process > filterNetwork                  -
[c6/ae86ea] process > createMetadataFile             [  0%] 0 of 1
[-        ] process > calculateGroupings             -
[-        ] process > enrichClusterSummary           -
[-        ] process > createNetworkGraphML           -

executor >  local (65)
[aa/e00e32] process > filesummary (1)                [  0%] 0 of 1
[d0/9c59e3] process > quantification_table_reform... [100%] 1 of 1 ✔
[-        ] process > filter_spectra                 [  0%] 0 of 1
[-        ] process > librarySearchData              -
[-        ] process > librarymergeResults            -
[14/97b543] process > summaryLibrary (17)            [ 37%] 23 of 62
[-        ] process > librarygetGNPSAnnotations      -
[-        ] process > networkingGNPSPrepParams       -
[-        ] process > calculatePairs                 -
[-        ] process > filterNetwork                  -
[c6/ae86ea] process > createMetadataFile             [100%] 1 of 1 ✔
[-        ] process > calculateGroupings             [  0%] 0 of 1
[-        ] process > enrichClusterSummary           -
[-        ] process > createNetworkGraphML           -

executor >  local (67)
[aa/e00e32] process > filesummary (1)                [  0%] 0 of 1
[d0/9c59e3] process > quantification_table_reform... [100%] 1 of 1 ✔
[41/7b7aee] process > filter_spectra (1)             [  0%] 0 of 1
[-        ] process > librarySearchData              -
[-        ] process > librarymergeResults            -
[ee/e1d9d5] process > summaryLibrary (44)            [ 48%] 30 of 62
[-        ] process > librarygetGNPSAnnotations      -
[-        ] process > networkingGNPSPrepParams       -
[-        ] process > calculatePairs                 -
[-        ] process > filterNetwork                  -
[c6/ae86ea] process > createMetadataFile             [100%] 1 of 1 ✔
[47/0ca238] process > calculateGroupings (1)         [  0%] 0 of 1
[-        ] process > enrichClusterSummary           -
[-        ] process > createNetworkGraphML           -

executor >  local (67)
[aa/e00e32] process > filesummary (1)                [  0%] 0 of 1
[d0/9c59e3] process > quantification_table_reform... [100%] 1 of 1 ✔
[41/7b7aee] process > filter_spectra (1)             [  0%] 0 of 1
[-        ] process > librarySearchData              -
[-        ] process > librarymergeResults            -
[db/eb2f52] process > summaryLibrary (45)            [ 70%] 44 of 62
[-        ] process > librarygetGNPSAnnotations      -
[-        ] process > networkingGNPSPrepParams       -
[-        ] process > calculatePairs                 -
[-        ] process > filterNetwork                  -
[c6/ae86ea] process > createMetadataFile             [100%] 1 of 1 ✔
[47/0ca238] process > calculateGroupings (1)         [  0%] 0 of 1
[-        ] process > enrichClusterSummary           -
[-        ] process > createNetworkGraphML           -

executor >  local (67)
[aa/e00e32] process > filesummary (1)                [  0%] 0 of 1
[d0/9c59e3] process > quantification_table_reform... [100%] 1 of 1 ✔
[41/7b7aee] process > filter_spectra (1)             [  0%] 0 of 1
[-        ] process > librarySearchData              -
[-        ] process > librarymergeResults            -
[24/f677db] process > summaryLibrary (30)            [ 74%] 46 of 62
[-        ] process > librarygetGNPSAnnotations      -
[-        ] process > networkingGNPSPrepParams       -
[-        ] process > calculatePairs                 -
[-        ] process > filterNetwork                  -
[c6/ae86ea] process > createMetadataFile             [100%] 1 of 1 ✔
[47/0ca238] process > calculateGroupings (1)         [  0%] 0 of 1
[-        ] process > enrichClusterSummary           -
[-        ] process > createNetworkGraphML           -

executor >  local (67)
[aa/e00e32] process > filesummary (1)                [  0%] 0 of 1
[d0/9c59e3] process > quantification_table_reform... [100%] 1 of 1 ✔
[41/7b7aee] process > filter_spectra (1)             [  0%] 0 of 1
[-        ] process > librarySearchData              -
[-        ] process > librarymergeResults            -
[3e/5d71fd] process > summaryLibrary (61)            [ 83%] 52 of 62
[-        ] process > librarygetGNPSAnnotations      -
[-        ] process > networkingGNPSPrepParams       -
[-        ] process > calculatePairs                 -
[-        ] process > filterNetwork                  -
[c6/ae86ea] process > createMetadataFile             [100%] 1 of 1 ✔
[47/0ca238] process > calculateGroupings (1)         [  0%] 0 of 1
[-        ] process > enrichClusterSummary           -
[-        ] process > createNetworkGraphML           -

executor >  local (67)
[aa/e00e32] process > filesummary (1)                [100%] 1 of 1 ✔
[d0/9c59e3] process > quantification_table_reform... [100%] 1 of 1 ✔
[41/7b7aee] process > filter_spectra (1)             [  0%] 0 of 1
[-        ] process > librarySearchData              -
[-        ] process > librarymergeResults            -
[79/ff6ddd] process > summaryLibrary (7)             [ 88%] 55 of 62
[-        ] process > librarygetGNPSAnnotations      -
[-        ] process > networkingGNPSPrepParams       -
[-        ] process > calculatePairs                 -
[-        ] process > filterNetwork                  -
[c6/ae86ea] process > createMetadataFile             [100%] 1 of 1 ✔
[47/0ca238] process > calculateGroupings (1)         [  0%] 0 of 1
[-        ] process > enrichClusterSummary           -
[-        ] process > createNetworkGraphML           -

executor >  local (67)
[aa/e00e32] process > filesummary (1)                [100%] 1 of 1 ✔
[d0/9c59e3] process > quantification_table_reform... [100%] 1 of 1 ✔
[41/7b7aee] process > filter_spectra (1)             [  0%] 0 of 1
[-        ] process > librarySearchData              -
[-        ] process > librarymergeResults            -
[ed/72a566] process > summaryLibrary (20)            [ 90%] 56 of 62
[-        ] process > librarygetGNPSAnnotations      -
[-        ] process > networkingGNPSPrepParams       -
[-        ] process > calculatePairs                 -
[-        ] process > filterNetwork                  -
[c6/ae86ea] process > createMetadataFile             [100%] 1 of 1 ✔
[47/0ca238] process > calculateGroupings (1)         [  0%] 0 of 1
[-        ] process > enrichClusterSummary           -
[-        ] process > createNetworkGraphML           -

executor >  local (67)
[aa/e00e32] process > filesummary (1)                [100%] 1 of 1 ✔
[d0/9c59e3] process > quantification_table_reform... [100%] 1 of 1 ✔
[41/7b7aee] process > filter_spectra (1)             [  0%] 0 of 1
[-        ] process > librarySearchData              -
[-        ] process > librarymergeResults            -
[4f/e63671] process > summaryLibrary (18)            [ 91%] 57 of 62
[-        ] process > librarygetGNPSAnnotations      -
[-        ] process > networkingGNPSPrepParams       -
[-        ] process > calculatePairs                 -
[-        ] process > filterNetwork                  -
[c6/ae86ea] process > createMetadataFile             [100%] 1 of 1 ✔
[47/0ca238] process > calculateGroupings (1)         [  0%] 0 of 1
[-        ] process > enrichClusterSummary           -
[-        ] process > createNetworkGraphML           -

executor >  local (67)
[aa/e00e32] process > filesummary (1)                [100%] 1 of 1 ✔
[d0/9c59e3] process > quantification_table_reform... [100%] 1 of 1 ✔
[41/7b7aee] process > filter_spectra (1)             [100%] 1 of 1 ✔
[-        ] process > librarySearchData              -
[-        ] process > librarymergeResults            -
[b0/3500eb] process > summaryLibrary (58)            [ 93%] 58 of 62
[-        ] process > librarygetGNPSAnnotations      -
[-        ] process > networkingGNPSPrepParams       -
[-        ] process > calculatePairs                 -
[-        ] process > filterNetwork                  -
[c6/ae86ea] process > createMetadataFile             [100%] 1 of 1 ✔
[47/0ca238] process > calculateGroupings (1)         [  0%] 0 of 1
[-        ] process > enrichClusterSummary           -
[-        ] process > createNetworkGraphML           -

executor >  local (78)
[aa/e00e32] process > filesummary (1)                [100%] 1 of 1 ✔
[d0/9c59e3] process > quantification_table_reform... [100%] 1 of 1 ✔
[41/7b7aee] process > filter_spectra (1)             [100%] 1 of 1 ✔
[8a/2b5c39] process > librarySearchData (17)         [  0%] 0 of 62
[-        ] process > librarymergeResults            -
[b0/3500eb] process > summaryLibrary (58)            [ 93%] 58 of 62
[-        ] process > librarygetGNPSAnnotations      -
[f9/540823] process > networkingGNPSPrepParams (1)   [  0%] 0 of 1
[-        ] process > calculatePairs                 -
[-        ] process > filterNetwork                  -
[c6/ae86ea] process > createMetadataFile             [100%] 1 of 1 ✔
[47/0ca238] process > calculateGroupings (1)         [  0%] 0 of 1
[-        ] process > enrichClusterSummary           -
[-        ] process > createNetworkGraphML           -

executor >  local (88)
[aa/e00e32] process > filesummary (1)                [100%] 1 of 1 ✔
[d0/9c59e3] process > quantification_table_reform... [100%] 1 of 1 ✔
[41/7b7aee] process > filter_spectra (1)             [100%] 1 of 1 ✔
[ed/80dd7a] process > librarySearchData (35)         [  0%] 0 of 62
[-        ] process > librarymergeResults            -
[b0/3500eb] process > summaryLibrary (58)            [ 93%] 58 of 62
[-        ] process > librarygetGNPSAnnotations      -
[f9/540823] process > networkingGNPSPrepParams (1)   [  0%] 0 of 1
[-        ] process > calculatePairs                 -
[-        ] process > filterNetwork                  -
[c6/ae86ea] process > createMetadataFile             [100%] 1 of 1 ✔
[47/0ca238] process > calculateGroupings (1)         [  0%] 0 of 1
[-        ] process > enrichClusterSummary           -
[-        ] process > createNetworkGraphML           -

executor >  local (98)
[aa/e00e32] process > filesummary (1)                [100%] 1 of 1 ✔
[d0/9c59e3] process > quantification_table_reform... [100%] 1 of 1 ✔
[41/7b7aee] process > filter_spectra (1)             [100%] 1 of 1 ✔
[02/e69d4e] process > librarySearchData (36)         [  0%] 0 of 62
[-        ] process > librarymergeResults            -
[b0/3500eb] process > summaryLibrary (58)            [ 93%] 58 of 62
[-        ] process > librarygetGNPSAnnotations      -
[f9/540823] process > networkingGNPSPrepParams (1)   [  0%] 0 of 1
[-        ] process > calculatePairs                 -
[-        ] process > filterNetwork                  -
[c6/ae86ea] process > createMetadataFile             [100%] 1 of 1 ✔
[47/0ca238] process > calculateGroupings (1)         [  0%] 0 of 1
[-        ] process > enrichClusterSummary           -
[-        ] process > createNetworkGraphML           -

executor >  local (109)
[aa/e00e32] process > filesummary (1)                [100%] 1 of 1 ✔
[d0/9c59e3] process > quantification_table_reform... [100%] 1 of 1 ✔
[41/7b7aee] process > filter_spectra (1)             [100%] 1 of 1 ✔
[bb/aab815] process > librarySearchData (32)         [  0%] 0 of 62
[-        ] process > librarymergeResults            -
[b0/3500eb] process > summaryLibrary (58)            [ 93%] 58 of 62
[-        ] process > librarygetGNPSAnnotations      -
[f9/540823] process > networkingGNPSPrepParams (1)   [  0%] 0 of 1
[-        ] process > calculatePairs                 -
[-        ] process > filterNetwork                  -
[c6/ae86ea] process > createMetadataFile             [100%] 1 of 1 ✔
[47/0ca238] process > calculateGroupings (1)         [  0%] 0 of 1
[-        ] process > enrichClusterSummary           -
[-        ] process > createNetworkGraphML           -

executor >  local (127)
[aa/e00e32] process > filesummary (1)                [100%] 1 of 1 ✔
[d0/9c59e3] process > quantification_table_reform... [100%] 1 of 1 ✔
[41/7b7aee] process > filter_spectra (1)             [100%] 1 of 1 ✔
[a9/804ada] process > librarySearchData (1)          [  0%] 0 of 62
[-        ] process > librarymergeResults            -
[b0/3500eb] process > summaryLibrary (58)            [ 93%] 58 of 62
[-        ] process > librarygetGNPSAnnotations      -
[f9/540823] process > networkingGNPSPrepParams (1)   [  0%] 0 of 1
[-        ] process > calculatePairs                 -
[-        ] process > filterNetwork                  -
[c6/ae86ea] process > createMetadataFile             [100%] 1 of 1 ✔
[47/0ca238] process > calculateGroupings (1)         [  0%] 0 of 1
[-        ] process > enrichClusterSummary           -
[-        ] process > createNetworkGraphML           -

executor >  local (130)
[aa/e00e32] process > filesummary (1)                [100%] 1 of 1 ✔
[d0/9c59e3] process > quantification_table_reform... [100%] 1 of 1 ✔
[41/7b7aee] process > filter_spectra (1)             [100%] 1 of 1 ✔
[69/fd8302] process > librarySearchData (53)         [  0%] 0 of 62
[-        ] process > librarymergeResults            -
[b0/3500eb] process > summaryLibrary (58)            [ 93%] 58 of 62
[-        ] process > librarygetGNPSAnnotations      -
[f9/540823] process > networkingGNPSPrepParams (1)   [  0%] 0 of 1
[-        ] process > calculatePairs                 -
[-        ] process > filterNetwork                  -
[c6/ae86ea] process > createMetadataFile             [100%] 1 of 1 ✔
[47/0ca238] process > calculateGroupings (1)         [  0%] 0 of 1
[-        ] process > enrichClusterSummary           -
[-        ] process > createNetworkGraphML           -

executor >  local (130)
[aa/e00e32] process > filesummary (1)                [100%] 1 of 1 ✔
[d0/9c59e3] process > quantification_table_reform... [100%] 1 of 1 ✔
[41/7b7aee] process > filter_spectra (1)             [100%] 1 of 1 ✔
[69/fd8302] process > librarySearchData (53)         [  0%] 0 of 62
[-        ] process > librarymergeResults            -
[b0/3500eb] process > summaryLibrary (58)            [ 93%] 58 of 62
[-        ] process > librarygetGNPSAnnotations      -
[f9/540823] process > networkingGNPSPrepParams (1)   [  0%] 0 of 1 ✔
[-        ] process > calculatePairs                 -
[-        ] process > filterNetwork                  -
[c6/ae86ea] process > createMetadataFile             [100%] 1 of 1 ✔
[47/0ca238] process > calculateGroupings (1)         [  0%] 0 of 1
[-        ] process > enrichClusterSummary           -
[-        ] process > createNetworkGraphML           -

executor >  local (131)
[aa/e00e32] process > filesummary (1)                [100%] 1 of 1 ✔
[d0/9c59e3] process > quantification_table_reform... [100%] 1 of 1 ✔
[41/7b7aee] process > filter_spectra (1)             [100%] 1 of 1 ✔
[69/fd8302] process > librarySearchData (53)         [  0%] 0 of 62
[-        ] process > librarymergeResults            -
[b0/3500eb] process > summaryLibrary (58)            [ 93%] 58 of 62
[-        ] process > librarygetGNPSAnnotations      -
[f9/540823] process > networkingGNPSPrepParams (1)   [100%] 1 of 1 ✔
[e3/63ae91] process > calculatePairs (1)             [  0%] 0 of 1
[-        ] process > filterNetwork                  -
[c6/ae86ea] process > createMetadataFile             [100%] 1 of 1 ✔
[47/0ca238] process > calculateGroupings (1)         [  0%] 0 of 1
[-        ] process > enrichClusterSummary           -
[-        ] process > createNetworkGraphML           -

executor >  local (131)
[aa/e00e32] process > filesummary (1)                [100%] 1 of 1 ✔
[d0/9c59e3] process > quantification_table_reform... [100%] 1 of 1 ✔
[41/7b7aee] process > filter_spectra (1)             [100%] 1 of 1 ✔
[69/fd8302] process > librarySearchData (53)         [  0%] 0 of 62
[-        ] process > librarymergeResults            -
[b0/3500eb] process > summaryLibrary (58)            [ 93%] 58 of 62
[-        ] process > librarygetGNPSAnnotations      -
[f9/540823] process > networkingGNPSPrepParams (1)   [100%] 1 of 1 ✔
[e3/63ae91] process > calculatePairs (1)             [  0%] 0 of 1
[-        ] process > filterNetwork                  -
[c6/ae86ea] process > createMetadataFile             [100%] 1 of 1 ✔
[47/0ca238] process > calculateGroupings (1)         [  0%] 0 of 1
[-        ] process > enrichClusterSummary           -
[-        ] process > createNetworkGraphML           -

executor >  local (131)
[aa/e00e32] process > filesummary (1)                [100%] 1 of 1 ✔
[d0/9c59e3] process > quantification_table_reform... [100%] 1 of 1 ✔
[41/7b7aee] process > filter_spectra (1)             [100%] 1 of 1 ✔
[69/fd8302] process > librarySearchData (53)         [  0%] 0 of 62
[-        ] process > librarymergeResults            -
[b0/3500eb] process > summaryLibrary (58)            [ 93%] 58 of 62
[-        ] process > librarygetGNPSAnnotations      -
[f9/540823] process > networkingGNPSPrepParams (1)   [100%] 1 of 1 ✔
[e3/63ae91] process > calculatePairs (1)             [  0%] 0 of 1
[-        ] process > filterNetwork                  -
[c6/ae86ea] process > createMetadataFile             [100%] 1 of 1 ✔
[47/0ca238] process > calculateGroupings (1)         [100%] 1 of 1 ✔
[-        ] process > enrichClusterSummary           -
[-        ] process > createNetworkGraphML           -

executor >  local (131)
[aa/e00e32] process > filesummary (1)                [100%] 1 of 1 ✔
[d0/9c59e3] process > quantification_table_reform... [100%] 1 of 1 ✔
[41/7b7aee] process > filter_spectra (1)             [100%] 1 of 1 ✔
[69/fd8302] process > librarySearchData (53)         [  0%] 0 of 62
[-        ] process > librarymergeResults            -
[1a/beb62b] process > summaryLibrary (38)            [ 95%] 59 of 62
[-        ] process > librarygetGNPSAnnotations      -
[f9/540823] process > networkingGNPSPrepParams (1)   [100%] 1 of 1 ✔
[e3/63ae91] process > calculatePairs (1)             [  0%] 0 of 1
[-        ] process > filterNetwork                  -
[c6/ae86ea] process > createMetadataFile             [100%] 1 of 1 ✔
[47/0ca238] process > calculateGroupings (1)         [100%] 1 of 1 ✔
[-        ] process > enrichClusterSummary           -
[-        ] process > createNetworkGraphML           -

executor >  local (131)
[aa/e00e32] process > filesummary (1)                [100%] 1 of 1 ✔
[d0/9c59e3] process > quantification_table_reform... [100%] 1 of 1 ✔
[41/7b7aee] process > filter_spectra (1)             [100%] 1 of 1 ✔
[69/fd8302] process > librarySearchData (53)         [  0%] 0 of 62
[-        ] process > librarymergeResults            -
[4b/fef2a6] process > summaryLibrary (56)            [ 96%] 60 of 62
[-        ] process > librarygetGNPSAnnotations      -
[f9/540823] process > networkingGNPSPrepParams (1)   [100%] 1 of 1 ✔
[e3/63ae91] process > calculatePairs (1)             [  0%] 0 of 1
[-        ] process > filterNetwork                  -
[c6/ae86ea] process > createMetadataFile             [100%] 1 of 1 ✔
[47/0ca238] process > calculateGroupings (1)         [100%] 1 of 1 ✔
[-        ] process > enrichClusterSummary           -
[-        ] process > createNetworkGraphML           -

executor >  local (131)
[aa/e00e32] process > filesummary (1)                [100%] 1 of 1 ✔
[d0/9c59e3] process > quantification_table_reform... [100%] 1 of 1 ✔
[41/7b7aee] process > filter_spectra (1)             [100%] 1 of 1 ✔
[69/fd8302] process > librarySearchData (53)         [  0%] 0 of 62
[-        ] process > librarymergeResults            -
[d6/e142db] process > summaryLibrary (3)             [ 98%] 61 of 62
[-        ] process > librarygetGNPSAnnotations      -
[f9/540823] process > networkingGNPSPrepParams (1)   [100%] 1 of 1 ✔
[e3/63ae91] process > calculatePairs (1)             [  0%] 0 of 1
[-        ] process > filterNetwork                  -
[c6/ae86ea] process > createMetadataFile             [100%] 1 of 1 ✔
[47/0ca238] process > calculateGroupings (1)         [100%] 1 of 1 ✔
[-        ] process > enrichClusterSummary           -
[-        ] process > createNetworkGraphML           -

executor >  local (131)
[aa/e00e32] process > filesummary (1)                [100%] 1 of 1 ✔
[d0/9c59e3] process > quantification_table_reform... [100%] 1 of 1 ✔
[41/7b7aee] process > filter_spectra (1)             [100%] 1 of 1 ✔
[69/fd8302] process > librarySearchData (53)         [  0%] 0 of 62
[-        ] process > librarymergeResults            -
[d6/e142db] process > summaryLibrary (3)             [ 98%] 61 of 62
[-        ] process > librarygetGNPSAnnotations      -
[f9/540823] process > networkingGNPSPrepParams (1)   [100%] 1 of 1 ✔
[e3/63ae91] process > calculatePairs (1)             [100%] 1 of 1 ✔
[-        ] process > filterNetwork                  -
[c6/ae86ea] process > createMetadataFile             [100%] 1 of 1 ✔
[47/0ca238] process > calculateGroupings (1)         [100%] 1 of 1 ✔
[-        ] process > enrichClusterSummary           -
[-        ] process > createNetworkGraphML           -

executor >  local (131)
[aa/e00e32] process > filesummary (1)                [100%] 1 of 1 ✔
[d0/9c59e3] process > quantification_table_reform... [100%] 1 of 1 ✔
[41/7b7aee] process > filter_spectra (1)             [100%] 1 of 1 ✔
[69/fd8302] process > librarySearchData (53)         [  0%] 0 of 62
[-        ] process > librarymergeResults            -
[d6/e142db] process > summaryLibrary (3)             [ 98%] 61 of 62
[-        ] process > librarygetGNPSAnnotations      -
[f9/540823] process > networkingGNPSPrepParams (1)   [100%] 1 of 1 ✔
[e3/63ae91] process > calculatePairs (1)             [100%] 1 of 1 ✔
[-        ] process > filterNetwork                  [  0%] 0 of 1
[c6/ae86ea] process > createMetadataFile             [100%] 1 of 1 ✔
[47/0ca238] process > calculateGroupings (1)         [100%] 1 of 1 ✔
[-        ] process > enrichClusterSummary           -
[-        ] process > createNetworkGraphML           -

executor >  local (132)
[aa/e00e32] process > filesummary (1)                [100%] 1 of 1 ✔
[d0/9c59e3] process > quantification_table_reform... [100%] 1 of 1 ✔
[41/7b7aee] process > filter_spectra (1)             [100%] 1 of 1 ✔
[69/fd8302] process > librarySearchData (53)         [  0%] 0 of 62
[-        ] process > librarymergeResults            -
[d6/e142db] process > summaryLibrary (3)             [ 98%] 61 of 62
[-        ] process > librarygetGNPSAnnotations      -
[f9/540823] process > networkingGNPSPrepParams (1)   [100%] 1 of 1 ✔
[e3/63ae91] process > calculatePairs (1)             [100%] 1 of 1 ✔
[14/c6582d] process > filterNetwork (1)              [  0%] 0 of 1
[c6/ae86ea] process > createMetadataFile             [100%] 1 of 1 ✔
[47/0ca238] process > calculateGroupings (1)         [100%] 1 of 1 ✔
[-        ] process > enrichClusterSummary           -
[-        ] process > createNetworkGraphML           -

executor >  local (132)
[aa/e00e32] process > filesummary (1)                [100%] 1 of 1 ✔
[d0/9c59e3] process > quantification_table_reform... [100%] 1 of 1 ✔
[41/7b7aee] process > filter_spectra (1)             [100%] 1 of 1 ✔
[0c/99c137] process > librarySearchData (44)         [  3%] 2 of 62
[-        ] process > librarymergeResults            -
[d6/e142db] process > summaryLibrary (3)             [ 98%] 61 of 62
[-        ] process > librarygetGNPSAnnotations      -
[f9/540823] process > networkingGNPSPrepParams (1)   [100%] 1 of 1 ✔
[e3/63ae91] process > calculatePairs (1)             [100%] 1 of 1 ✔
[14/c6582d] process > filterNetwork (1)              [  0%] 0 of 1
[c6/ae86ea] process > createMetadataFile             [100%] 1 of 1 ✔
[47/0ca238] process > calculateGroupings (1)         [100%] 1 of 1 ✔
[-        ] process > enrichClusterSummary           -
[-        ] process > createNetworkGraphML           -

executor >  local (132)
[aa/e00e32] process > filesummary (1)                [100%] 1 of 1 ✔
[d0/9c59e3] process > quantification_table_reform... [100%] 1 of 1 ✔
[41/7b7aee] process > filter_spectra (1)             [100%] 1 of 1 ✔
[06/0d2542] process > librarySearchData (31)         [  4%] 3 of 62
[-        ] process > librarymergeResults            -
[d6/e142db] process > summaryLibrary (3)             [ 98%] 61 of 62
[-        ] process > librarygetGNPSAnnotations      -
[f9/540823] process > networkingGNPSPrepParams (1)   [100%] 1 of 1 ✔
[e3/63ae91] process > calculatePairs (1)             [100%] 1 of 1 ✔
[14/c6582d] process > filterNetwork (1)              [  0%] 0 of 1
[c6/ae86ea] process > createMetadataFile             [100%] 1 of 1 ✔
[47/0ca238] process > calculateGroupings (1)         [100%] 1 of 1 ✔
[-        ] process > enrichClusterSummary           -
[-        ] process > createNetworkGraphML           -

executor >  local (132)
[aa/e00e32] process > filesummary (1)                [100%] 1 of 1 ✔
[d0/9c59e3] process > quantification_table_reform... [100%] 1 of 1 ✔
[41/7b7aee] process > filter_spectra (1)             [100%] 1 of 1 ✔
[47/f826c3] process > librarySearchData (33)         [ 11%] 7 of 62
[-        ] process > librarymergeResults            -
[d6/e142db] process > summaryLibrary (3)             [ 98%] 61 of 62
[-        ] process > librarygetGNPSAnnotations      -
[f9/540823] process > networkingGNPSPrepParams (1)   [100%] 1 of 1 ✔
[e3/63ae91] process > calculatePairs (1)             [100%] 1 of 1 ✔
[14/c6582d] process > filterNetwork (1)              [  0%] 0 of 1
[c6/ae86ea] process > createMetadataFile             [100%] 1 of 1 ✔
[47/0ca238] process > calculateGroupings (1)         [100%] 1 of 1 ✔
[-        ] process > enrichClusterSummary           -
[-        ] process > createNetworkGraphML           -

executor >  local (132)
[aa/e00e32] process > filesummary (1)                [100%] 1 of 1 ✔
[d0/9c59e3] process > quantification_table_reform... [100%] 1 of 1 ✔
[41/7b7aee] process > filter_spectra (1)             [100%] 1 of 1 ✔
[6e/cf8632] process > librarySearchData (4)          [ 19%] 12 of 62
[-        ] process > librarymergeResults            -
[d6/e142db] process > summaryLibrary (3)             [ 98%] 61 of 62
[-        ] process > librarygetGNPSAnnotations      -
[f9/540823] process > networkingGNPSPrepParams (1)   [100%] 1 of 1 ✔
[e3/63ae91] process > calculatePairs (1)             [100%] 1 of 1 ✔
[14/c6582d] process > filterNetwork (1)              [  0%] 0 of 1
[c6/ae86ea] process > createMetadataFile             [100%] 1 of 1 ✔
[47/0ca238] process > calculateGroupings (1)         [100%] 1 of 1 ✔
[-        ] process > enrichClusterSummary           -
[-        ] process > createNetworkGraphML           -

executor >  local (132)
[aa/e00e32] process > filesummary (1)                [100%] 1 of 1 ✔
[d0/9c59e3] process > quantification_table_reform... [100%] 1 of 1 ✔
[41/7b7aee] process > filter_spectra (1)             [100%] 1 of 1 ✔
[9e/bcb43f] process > librarySearchData (40)         [ 27%] 17 of 62
[-        ] process > librarymergeResults            -
[d6/e142db] process > summaryLibrary (3)             [ 98%] 61 of 62
[-        ] process > librarygetGNPSAnnotations      -
[f9/540823] process > networkingGNPSPrepParams (1)   [100%] 1 of 1 ✔
[e3/63ae91] process > calculatePairs (1)             [100%] 1 of 1 ✔
[14/c6582d] process > filterNetwork (1)              [  0%] 0 of 1
[c6/ae86ea] process > createMetadataFile             [100%] 1 of 1 ✔
[47/0ca238] process > calculateGroupings (1)         [100%] 1 of 1 ✔
[-        ] process > enrichClusterSummary           -
[-        ] process > createNetworkGraphML           -

executor >  local (132)
[aa/e00e32] process > filesummary (1)                [100%] 1 of 1 ✔
[d0/9c59e3] process > quantification_table_reform... [100%] 1 of 1 ✔
[41/7b7aee] process > filter_spectra (1)             [100%] 1 of 1 ✔
[a9/804ada] process > librarySearchData (1)          [ 41%] 26 of 62
[-        ] process > librarymergeResults            -
[d6/e142db] process > summaryLibrary (3)             [ 98%] 61 of 62
[-        ] process > librarygetGNPSAnnotations      -
[f9/540823] process > networkingGNPSPrepParams (1)   [100%] 1 of 1 ✔
[e3/63ae91] process > calculatePairs (1)             [100%] 1 of 1 ✔
[14/c6582d] process > filterNetwork (1)              [  0%] 0 of 1
[c6/ae86ea] process > createMetadataFile             [100%] 1 of 1 ✔
[47/0ca238] process > calculateGroupings (1)         [100%] 1 of 1 ✔
[-        ] process > enrichClusterSummary           -
[-        ] process > createNetworkGraphML           -

executor >  local (132)
[aa/e00e32] process > filesummary (1)                [100%] 1 of 1 ✔
[d0/9c59e3] process > quantification_table_reform... [100%] 1 of 1 ✔
[41/7b7aee] process > filter_spectra (1)             [100%] 1 of 1 ✔
[cb/2d6049] process > librarySearchData (10)         [ 43%] 27 of 62
[-        ] process > librarymergeResults            -
[d6/e142db] process > summaryLibrary (3)             [ 98%] 61 of 62
[-        ] process > librarygetGNPSAnnotations      -
[f9/540823] process > networkingGNPSPrepParams (1)   [100%] 1 of 1 ✔
[e3/63ae91] process > calculatePairs (1)             [100%] 1 of 1 ✔
[14/c6582d] process > filterNetwork (1)              [  0%] 0 of 1
[c6/ae86ea] process > createMetadataFile             [100%] 1 of 1 ✔
[47/0ca238] process > calculateGroupings (1)         [100%] 1 of 1 ✔
[-        ] process > enrichClusterSummary           -
[-        ] process > createNetworkGraphML           -

executor >  local (132)
[aa/e00e32] process > filesummary (1)                [100%] 1 of 1 ✔
[d0/9c59e3] process > quantification_table_reform... [100%] 1 of 1 ✔
[41/7b7aee] process > filter_spectra (1)             [100%] 1 of 1 ✔
[b3/5f09f7] process > librarySearchData (12)         [ 51%] 32 of 62
[-        ] process > librarymergeResults            -
[d6/e142db] process > summaryLibrary (3)             [ 98%] 61 of 62
[-        ] process > librarygetGNPSAnnotations      -
[f9/540823] process > networkingGNPSPrepParams (1)   [100%] 1 of 1 ✔
[e3/63ae91] process > calculatePairs (1)             [100%] 1 of 1 ✔
[14/c6582d] process > filterNetwork (1)              [  0%] 0 of 1
[c6/ae86ea] process > createMetadataFile             [100%] 1 of 1 ✔
[47/0ca238] process > calculateGroupings (1)         [100%] 1 of 1 ✔
[-        ] process > enrichClusterSummary           -
[-        ] process > createNetworkGraphML           -

executor >  local (132)
[aa/e00e32] process > filesummary (1)                [100%] 1 of 1 ✔
[d0/9c59e3] process > quantification_table_reform... [100%] 1 of 1 ✔
[41/7b7aee] process > filter_spectra (1)             [100%] 1 of 1 ✔
[b9/67facb] process > librarySearchData (39)         [ 53%] 33 of 62
[-        ] process > librarymergeResults            -
[d6/e142db] process > summaryLibrary (3)             [ 98%] 61 of 62
[-        ] process > librarygetGNPSAnnotations      -
[f9/540823] process > networkingGNPSPrepParams (1)   [100%] 1 of 1 ✔
[e3/63ae91] process > calculatePairs (1)             [100%] 1 of 1 ✔
[14/c6582d] process > filterNetwork (1)              [  0%] 0 of 1
[c6/ae86ea] process > createMetadataFile             [100%] 1 of 1 ✔
[47/0ca238] process > calculateGroupings (1)         [100%] 1 of 1 ✔
[-        ] process > enrichClusterSummary           -
[-        ] process > createNetworkGraphML           -

executor >  local (132)
[aa/e00e32] process > filesummary (1)                [100%] 1 of 1 ✔
[d0/9c59e3] process > quantification_table_reform... [100%] 1 of 1 ✔
[41/7b7aee] process > filter_spectra (1)             [100%] 1 of 1 ✔
[c3/e8c600] process > librarySearchData (22)         [ 56%] 35 of 62
[-        ] process > librarymergeResults            -
[d6/e142db] process > summaryLibrary (3)             [ 98%] 61 of 62
[-        ] process > librarygetGNPSAnnotations      -
[f9/540823] process > networkingGNPSPrepParams (1)   [100%] 1 of 1 ✔
[e3/63ae91] process > calculatePairs (1)             [100%] 1 of 1 ✔
[14/c6582d] process > filterNetwork (1)              [  0%] 0 of 1
[c6/ae86ea] process > createMetadataFile             [100%] 1 of 1 ✔
[47/0ca238] process > calculateGroupings (1)         [100%] 1 of 1 ✔
[-        ] process > enrichClusterSummary           -
[-        ] process > createNetworkGraphML           -

executor >  local (132)
[aa/e00e32] process > filesummary (1)                [100%] 1 of 1 ✔
[d0/9c59e3] process > quantification_table_reform... [100%] 1 of 1 ✔
[41/7b7aee] process > filter_spectra (1)             [100%] 1 of 1 ✔
[2e/af34e8] process > librarySearchData (13)         [ 58%] 36 of 62
[-        ] process > librarymergeResults            -
[d6/e142db] process > summaryLibrary (3)             [ 98%] 61 of 62
[-        ] process > librarygetGNPSAnnotations      -
[f9/540823] process > networkingGNPSPrepParams (1)   [100%] 1 of 1 ✔
[e3/63ae91] process > calculatePairs (1)             [100%] 1 of 1 ✔
[14/c6582d] process > filterNetwork (1)              [  0%] 0 of 1
[c6/ae86ea] process > createMetadataFile             [100%] 1 of 1 ✔
[47/0ca238] process > calculateGroupings (1)         [100%] 1 of 1 ✔
[-        ] process > enrichClusterSummary           -
[-        ] process > createNetworkGraphML           -

executor >  local (132)
[aa/e00e32] process > filesummary (1)                [100%] 1 of 1 ✔
[d0/9c59e3] process > quantification_table_reform... [100%] 1 of 1 ✔
[41/7b7aee] process > filter_spectra (1)             [100%] 1 of 1 ✔
[64/83fb38] process > librarySearchData (38)         [ 59%] 37 of 62
[-        ] process > librarymergeResults            -
[d6/e142db] process > summaryLibrary (3)             [ 98%] 61 of 62
[-        ] process > librarygetGNPSAnnotations      -
[f9/540823] process > networkingGNPSPrepParams (1)   [100%] 1 of 1 ✔
[e3/63ae91] process > calculatePairs (1)             [100%] 1 of 1 ✔
[14/c6582d] process > filterNetwork (1)              [100%] 1 of 1 ✔
[c6/ae86ea] process > createMetadataFile             [100%] 1 of 1 ✔
[47/0ca238] process > calculateGroupings (1)         [100%] 1 of 1 ✔
[-        ] process > enrichClusterSummary           -
[-        ] process > createNetworkGraphML           -

executor >  local (132)
[aa/e00e32] process > filesummary (1)                [100%] 1 of 1 ✔
[d0/9c59e3] process > quantification_table_reform... [100%] 1 of 1 ✔
[41/7b7aee] process > filter_spectra (1)             [100%] 1 of 1 ✔
[c3/8578e3] process > librarySearchData (59)         [ 61%] 38 of 62
[-        ] process > librarymergeResults            -
[d6/e142db] process > summaryLibrary (3)             [ 98%] 61 of 62
[-        ] process > librarygetGNPSAnnotations      -
[f9/540823] process > networkingGNPSPrepParams (1)   [100%] 1 of 1 ✔
[e3/63ae91] process > calculatePairs (1)             [100%] 1 of 1 ✔
[14/c6582d] process > filterNetwork (1)              [100%] 1 of 1 ✔
[c6/ae86ea] process > createMetadataFile             [100%] 1 of 1 ✔
[47/0ca238] process > calculateGroupings (1)         [100%] 1 of 1 ✔
[-        ] process > enrichClusterSummary           -
[-        ] process > createNetworkGraphML           -

executor >  local (132)
[aa/e00e32] process > filesummary (1)                [100%] 1 of 1 ✔
[d0/9c59e3] process > quantification_table_reform... [100%] 1 of 1 ✔
[41/7b7aee] process > filter_spectra (1)             [100%] 1 of 1 ✔
[cd/b3af2b] process > librarySearchData (34)         [ 62%] 39 of 62
[-        ] process > librarymergeResults            -
[d6/e142db] process > summaryLibrary (3)             [ 98%] 61 of 62
[-        ] process > librarygetGNPSAnnotations      -
[f9/540823] process > networkingGNPSPrepParams (1)   [100%] 1 of 1 ✔
[e3/63ae91] process > calculatePairs (1)             [100%] 1 of 1 ✔
[14/c6582d] process > filterNetwork (1)              [100%] 1 of 1 ✔
[c6/ae86ea] process > createMetadataFile             [100%] 1 of 1 ✔
[47/0ca238] process > calculateGroupings (1)         [100%] 1 of 1 ✔
[-        ] process > enrichClusterSummary           -
[-        ] process > createNetworkGraphML           -

executor >  local (132)
[aa/e00e32] process > filesummary (1)                [100%] 1 of 1 ✔
[d0/9c59e3] process > quantification_table_reform... [100%] 1 of 1 ✔
[41/7b7aee] process > filter_spectra (1)             [100%] 1 of 1 ✔
[4f/9c2803] process > librarySearchData (15)         [ 66%] 41 of 62
[-        ] process > librarymergeResults            -
[d6/e142db] process > summaryLibrary (3)             [ 98%] 61 of 62
[-        ] process > librarygetGNPSAnnotations      -
[f9/540823] process > networkingGNPSPrepParams (1)   [100%] 1 of 1 ✔
[e3/63ae91] process > calculatePairs (1)             [100%] 1 of 1 ✔
[14/c6582d] process > filterNetwork (1)              [100%] 1 of 1 ✔
[c6/ae86ea] process > createMetadataFile             [100%] 1 of 1 ✔
[47/0ca238] process > calculateGroupings (1)         [100%] 1 of 1 ✔
[-        ] process > enrichClusterSummary           -
[-        ] process > createNetworkGraphML           -

executor >  local (132)
[aa/e00e32] process > filesummary (1)                [100%] 1 of 1 ✔
[d0/9c59e3] process > quantification_table_reform... [100%] 1 of 1 ✔
[41/7b7aee] process > filter_spectra (1)             [100%] 1 of 1 ✔
[85/db1ef2] process > librarySearchData (46)         [ 67%] 42 of 62
[-        ] process > librarymergeResults            -
[d6/e142db] process > summaryLibrary (3)             [ 98%] 61 of 62
[-        ] process > librarygetGNPSAnnotations      -
[f9/540823] process > networkingGNPSPrepParams (1)   [100%] 1 of 1 ✔
[e3/63ae91] process > calculatePairs (1)             [100%] 1 of 1 ✔
[14/c6582d] process > filterNetwork (1)              [100%] 1 of 1 ✔
[c6/ae86ea] process > createMetadataFile             [100%] 1 of 1 ✔
[47/0ca238] process > calculateGroupings (1)         [100%] 1 of 1 ✔
[-        ] process > enrichClusterSummary           -
[-        ] process > createNetworkGraphML           -

executor >  local (132)
[aa/e00e32] process > filesummary (1)                [100%] 1 of 1 ✔
[d0/9c59e3] process > quantification_table_reform... [100%] 1 of 1 ✔
[41/7b7aee] process > filter_spectra (1)             [100%] 1 of 1 ✔
[1d/18e0ad] process > librarySearchData (30)         [ 69%] 43 of 62
[-        ] process > librarymergeResults            -
[d6/e142db] process > summaryLibrary (3)             [ 98%] 61 of 62
[-        ] process > librarygetGNPSAnnotations      -
[f9/540823] process > networkingGNPSPrepParams (1)   [100%] 1 of 1 ✔
[e3/63ae91] process > calculatePairs (1)             [100%] 1 of 1 ✔
[14/c6582d] process > filterNetwork (1)              [100%] 1 of 1 ✔
[c6/ae86ea] process > createMetadataFile             [100%] 1 of 1 ✔
[47/0ca238] process > calculateGroupings (1)         [100%] 1 of 1 ✔
[-        ] process > enrichClusterSummary           -
[-        ] process > createNetworkGraphML           -

executor >  local (132)
[aa/e00e32] process > filesummary (1)                [100%] 1 of 1 ✔
[d0/9c59e3] process > quantification_table_reform... [100%] 1 of 1 ✔
[41/7b7aee] process > filter_spectra (1)             [100%] 1 of 1 ✔
[32/2af445] process > librarySearchData (55)         [ 70%] 44 of 62
[-        ] process > librarymergeResults            -
[d6/e142db] process > summaryLibrary (3)             [ 98%] 61 of 62
[-        ] process > librarygetGNPSAnnotations      -
[f9/540823] process > networkingGNPSPrepParams (1)   [100%] 1 of 1 ✔
[e3/63ae91] process > calculatePairs (1)             [100%] 1 of 1 ✔
[14/c6582d] process > filterNetwork (1)              [100%] 1 of 1 ✔
[c6/ae86ea] process > createMetadataFile             [100%] 1 of 1 ✔
[47/0ca238] process > calculateGroupings (1)         [100%] 1 of 1 ✔
[-        ] process > enrichClusterSummary           -
[-        ] process > createNetworkGraphML           -

executor >  local (132)
[aa/e00e32] process > filesummary (1)                [100%] 1 of 1 ✔
[d0/9c59e3] process > quantification_table_reform... [100%] 1 of 1 ✔
[41/7b7aee] process > filter_spectra (1)             [100%] 1 of 1 ✔
[fd/388edb] process > librarySearchData (28)         [ 72%] 45 of 62
[-        ] process > librarymergeResults            -
[d6/e142db] process > summaryLibrary (3)             [ 98%] 61 of 62
[-        ] process > librarygetGNPSAnnotations      -
[f9/540823] process > networkingGNPSPrepParams (1)   [100%] 1 of 1 ✔
[e3/63ae91] process > calculatePairs (1)             [100%] 1 of 1 ✔
[14/c6582d] process > filterNetwork (1)              [100%] 1 of 1 ✔
[c6/ae86ea] process > createMetadataFile             [100%] 1 of 1 ✔
[47/0ca238] process > calculateGroupings (1)         [100%] 1 of 1 ✔
[-        ] process > enrichClusterSummary           -
[-        ] process > createNetworkGraphML           -

executor >  local (132)
[aa/e00e32] process > filesummary (1)                [100%] 1 of 1 ✔
[d0/9c59e3] process > quantification_table_reform... [100%] 1 of 1 ✔
[41/7b7aee] process > filter_spectra (1)             [100%] 1 of 1 ✔
[ed/80dd7a] process > librarySearchData (35)         [ 74%] 46 of 62
[-        ] process > librarymergeResults            -
[d6/e142db] process > summaryLibrary (3)             [ 98%] 61 of 62
[-        ] process > librarygetGNPSAnnotations      -
[f9/540823] process > networkingGNPSPrepParams (1)   [100%] 1 of 1 ✔
[e3/63ae91] process > calculatePairs (1)             [100%] 1 of 1 ✔
[14/c6582d] process > filterNetwork (1)              [100%] 1 of 1 ✔
[c6/ae86ea] process > createMetadataFile             [100%] 1 of 1 ✔
[47/0ca238] process > calculateGroupings (1)         [100%] 1 of 1 ✔
[-        ] process > enrichClusterSummary           -
[-        ] process > createNetworkGraphML           -

executor >  local (132)
[aa/e00e32] process > filesummary (1)                [100%] 1 of 1 ✔
[d0/9c59e3] process > quantification_table_reform... [100%] 1 of 1 ✔
[41/7b7aee] process > filter_spectra (1)             [100%] 1 of 1 ✔
[c7/bde202] process > librarySearchData (45)         [ 75%] 47 of 62
[-        ] process > librarymergeResults            -
[d6/e142db] process > summaryLibrary (3)             [ 98%] 61 of 62
[-        ] process > librarygetGNPSAnnotations      -
[f9/540823] process > networkingGNPSPrepParams (1)   [100%] 1 of 1 ✔
[e3/63ae91] process > calculatePairs (1)             [100%] 1 of 1 ✔
[14/c6582d] process > filterNetwork (1)              [100%] 1 of 1 ✔
[c6/ae86ea] process > createMetadataFile             [100%] 1 of 1 ✔
[47/0ca238] process > calculateGroupings (1)         [100%] 1 of 1 ✔
[-        ] process > enrichClusterSummary           -
[-        ] process > createNetworkGraphML           -

executor >  local (132)
[aa/e00e32] process > filesummary (1)                [100%] 1 of 1 ✔
[d0/9c59e3] process > quantification_table_reform... [100%] 1 of 1 ✔
[41/7b7aee] process > filter_spectra (1)             [100%] 1 of 1 ✔
[c4/902fe9] process > librarySearchData (58)         [ 77%] 48 of 62
[-        ] process > librarymergeResults            -
[d6/e142db] process > summaryLibrary (3)             [ 98%] 61 of 62
[-        ] process > librarygetGNPSAnnotations      -
[f9/540823] process > networkingGNPSPrepParams (1)   [100%] 1 of 1 ✔
[e3/63ae91] process > calculatePairs (1)             [100%] 1 of 1 ✔
[14/c6582d] process > filterNetwork (1)              [100%] 1 of 1 ✔
[c6/ae86ea] process > createMetadataFile             [100%] 1 of 1 ✔
[47/0ca238] process > calculateGroupings (1)         [100%] 1 of 1 ✔
[-        ] process > enrichClusterSummary           -
[-        ] process > createNetworkGraphML           -

executor >  local (132)
[aa/e00e32] process > filesummary (1)                [100%] 1 of 1 ✔
[d0/9c59e3] process > quantification_table_reform... [100%] 1 of 1 ✔
[41/7b7aee] process > filter_spectra (1)             [100%] 1 of 1 ✔
[c4/902fe9] process > librarySearchData (58)         [ 77%] 48 of 62
[-        ] process > librarymergeResults            -
[9b/5ff2af] process > summaryLibrary (33)            [100%] 62 of 62 ✔
[-        ] process > librarygetGNPSAnnotations      -
[f9/540823] process > networkingGNPSPrepParams (1)   [100%] 1 of 1 ✔
[e3/63ae91] process > calculatePairs (1)             [100%] 1 of 1 ✔
[14/c6582d] process > filterNetwork (1)              [100%] 1 of 1 ✔
[c6/ae86ea] process > createMetadataFile             [100%] 1 of 1 ✔
[47/0ca238] process > calculateGroupings (1)         [100%] 1 of 1 ✔
[-        ] process > enrichClusterSummary           -
[-        ] process > createNetworkGraphML           -

executor >  local (132)
[aa/e00e32] process > filesummary (1)                [100%] 1 of 1 ✔
[d0/9c59e3] process > quantification_table_reform... [100%] 1 of 1 ✔
[41/7b7aee] process > filter_spectra (1)             [100%] 1 of 1 ✔
[93/0336f3] process > librarySearchData (7)          [ 79%] 49 of 62
[-        ] process > librarymergeResults            -
[9b/5ff2af] process > summaryLibrary (33)            [100%] 62 of 62 ✔
[-        ] process > librarygetGNPSAnnotations      -
[f9/540823] process > networkingGNPSPrepParams (1)   [100%] 1 of 1 ✔
[e3/63ae91] process > calculatePairs (1)             [100%] 1 of 1 ✔
[14/c6582d] process > filterNetwork (1)              [100%] 1 of 1 ✔
[c6/ae86ea] process > createMetadataFile             [100%] 1 of 1 ✔
[47/0ca238] process > calculateGroupings (1)         [100%] 1 of 1 ✔
[-        ] process > enrichClusterSummary           -
[-        ] process > createNetworkGraphML           -

executor >  local (132)
[aa/e00e32] process > filesummary (1)                [100%] 1 of 1 ✔
[d0/9c59e3] process > quantification_table_reform... [100%] 1 of 1 ✔
[41/7b7aee] process > filter_spectra (1)             [100%] 1 of 1 ✔
[ae/f61469] process > librarySearchData (41)         [ 80%] 50 of 62
[-        ] process > librarymergeResults            -
[9b/5ff2af] process > summaryLibrary (33)            [100%] 62 of 62 ✔
[-        ] process > librarygetGNPSAnnotations      -
[f9/540823] process > networkingGNPSPrepParams (1)   [100%] 1 of 1 ✔
[e3/63ae91] process > calculatePairs (1)             [100%] 1 of 1 ✔
[14/c6582d] process > filterNetwork (1)              [100%] 1 of 1 ✔
[c6/ae86ea] process > createMetadataFile             [100%] 1 of 1 ✔
[47/0ca238] process > calculateGroupings (1)         [100%] 1 of 1 ✔
[-        ] process > enrichClusterSummary           -
[-        ] process > createNetworkGraphML           -

executor >  local (132)
[aa/e00e32] process > filesummary (1)                [100%] 1 of 1 ✔
[d0/9c59e3] process > quantification_table_reform... [100%] 1 of 1 ✔
[41/7b7aee] process > filter_spectra (1)             [100%] 1 of 1 ✔
[7c/dc65f3] process > librarySearchData (60)         [ 82%] 51 of 62
[-        ] process > librarymergeResults            -
[9b/5ff2af] process > summaryLibrary (33)            [100%] 62 of 62 ✔
[-        ] process > librarygetGNPSAnnotations      -
[f9/540823] process > networkingGNPSPrepParams (1)   [100%] 1 of 1 ✔
[e3/63ae91] process > calculatePairs (1)             [100%] 1 of 1 ✔
[14/c6582d] process > filterNetwork (1)              [100%] 1 of 1 ✔
[c6/ae86ea] process > createMetadataFile             [100%] 1 of 1 ✔
[47/0ca238] process > calculateGroupings (1)         [100%] 1 of 1 ✔
[-        ] process > enrichClusterSummary           -
[-        ] process > createNetworkGraphML           -

executor >  local (132)
[aa/e00e32] process > filesummary (1)                [100%] 1 of 1 ✔
[d0/9c59e3] process > quantification_table_reform... [100%] 1 of 1 ✔
[41/7b7aee] process > filter_spectra (1)             [100%] 1 of 1 ✔
[c2/9c0997] process > librarySearchData (18)         [ 83%] 52 of 62
[-        ] process > librarymergeResults            -
[9b/5ff2af] process > summaryLibrary (33)            [100%] 62 of 62 ✔
[-        ] process > librarygetGNPSAnnotations      -
[f9/540823] process > networkingGNPSPrepParams (1)   [100%] 1 of 1 ✔
[e3/63ae91] process > calculatePairs (1)             [100%] 1 of 1 ✔
[14/c6582d] process > filterNetwork (1)              [100%] 1 of 1 ✔
[c6/ae86ea] process > createMetadataFile             [100%] 1 of 1 ✔
[47/0ca238] process > calculateGroupings (1)         [100%] 1 of 1 ✔
[-        ] process > enrichClusterSummary           -
[-        ] process > createNetworkGraphML           -

executor >  local (132)
[aa/e00e32] process > filesummary (1)                [100%] 1 of 1 ✔
[d0/9c59e3] process > quantification_table_reform... [100%] 1 of 1 ✔
[41/7b7aee] process > filter_spectra (1)             [100%] 1 of 1 ✔
[90/d91af8] process > librarySearchData (20)         [ 85%] 53 of 62
[-        ] process > librarymergeResults            -
[9b/5ff2af] process > summaryLibrary (33)            [100%] 62 of 62 ✔
[-        ] process > librarygetGNPSAnnotations      -
[f9/540823] process > networkingGNPSPrepParams (1)   [100%] 1 of 1 ✔
[e3/63ae91] process > calculatePairs (1)             [100%] 1 of 1 ✔
[14/c6582d] process > filterNetwork (1)              [100%] 1 of 1 ✔
[c6/ae86ea] process > createMetadataFile             [100%] 1 of 1 ✔
[47/0ca238] process > calculateGroupings (1)         [100%] 1 of 1 ✔
[-        ] process > enrichClusterSummary           -
[-        ] process > createNetworkGraphML           -

executor >  local (132)
[aa/e00e32] process > filesummary (1)                [100%] 1 of 1 ✔
[d0/9c59e3] process > quantification_table_reform... [100%] 1 of 1 ✔
[41/7b7aee] process > filter_spectra (1)             [100%] 1 of 1 ✔
[c0/ff7c1d] process > librarySearchData (3)          [ 87%] 54 of 62
[-        ] process > librarymergeResults            -
[9b/5ff2af] process > summaryLibrary (33)            [100%] 62 of 62 ✔
[-        ] process > librarygetGNPSAnnotations      -
[f9/540823] process > networkingGNPSPrepParams (1)   [100%] 1 of 1 ✔
[e3/63ae91] process > calculatePairs (1)             [100%] 1 of 1 ✔
[14/c6582d] process > filterNetwork (1)              [100%] 1 of 1 ✔
[c6/ae86ea] process > createMetadataFile             [100%] 1 of 1 ✔
[47/0ca238] process > calculateGroupings (1)         [100%] 1 of 1 ✔
[-        ] process > enrichClusterSummary           -
[-        ] process > createNetworkGraphML           -

executor >  local (132)
[aa/e00e32] process > filesummary (1)                [100%] 1 of 1 ✔
[d0/9c59e3] process > quantification_table_reform... [100%] 1 of 1 ✔
[41/7b7aee] process > filter_spectra (1)             [100%] 1 of 1 ✔
[49/793df8] process > librarySearchData (61)         [ 88%] 55 of 62
[-        ] process > librarymergeResults            -
[9b/5ff2af] process > summaryLibrary (33)            [100%] 62 of 62 ✔
[-        ] process > librarygetGNPSAnnotations      -
[f9/540823] process > networkingGNPSPrepParams (1)   [100%] 1 of 1 ✔
[e3/63ae91] process > calculatePairs (1)             [100%] 1 of 1 ✔
[14/c6582d] process > filterNetwork (1)              [100%] 1 of 1 ✔
[c6/ae86ea] process > createMetadataFile             [100%] 1 of 1 ✔
[47/0ca238] process > calculateGroupings (1)         [100%] 1 of 1 ✔
[-        ] process > enrichClusterSummary           -
[-        ] process > createNetworkGraphML           -

executor >  local (132)
[aa/e00e32] process > filesummary (1)                [100%] 1 of 1 ✔
[d0/9c59e3] process > quantification_table_reform... [100%] 1 of 1 ✔
[41/7b7aee] process > filter_spectra (1)             [100%] 1 of 1 ✔
[5f/d4f7ff] process > librarySearchData (37)         [ 90%] 56 of 62
[-        ] process > librarymergeResults            -
[9b/5ff2af] process > summaryLibrary (33)            [100%] 62 of 62 ✔
[-        ] process > librarygetGNPSAnnotations      -
[f9/540823] process > networkingGNPSPrepParams (1)   [100%] 1 of 1 ✔
[e3/63ae91] process > calculatePairs (1)             [100%] 1 of 1 ✔
[14/c6582d] process > filterNetwork (1)              [100%] 1 of 1 ✔
[c6/ae86ea] process > createMetadataFile             [100%] 1 of 1 ✔
[47/0ca238] process > calculateGroupings (1)         [100%] 1 of 1 ✔
[-        ] process > enrichClusterSummary           -
[-        ] process > createNetworkGraphML           -

executor >  local (132)
[aa/e00e32] process > filesummary (1)                [100%] 1 of 1 ✔
[d0/9c59e3] process > quantification_table_reform... [100%] 1 of 1 ✔
[41/7b7aee] process > filter_spectra (1)             [100%] 1 of 1 ✔
[81/35ba7f] process > librarySearchData (54)         [ 91%] 57 of 62
[-        ] process > librarymergeResults            -
[9b/5ff2af] process > summaryLibrary (33)            [100%] 62 of 62 ✔
[-        ] process > librarygetGNPSAnnotations      -
[f9/540823] process > networkingGNPSPrepParams (1)   [100%] 1 of 1 ✔
[e3/63ae91] process > calculatePairs (1)             [100%] 1 of 1 ✔
[14/c6582d] process > filterNetwork (1)              [100%] 1 of 1 ✔
[c6/ae86ea] process > createMetadataFile             [100%] 1 of 1 ✔
[47/0ca238] process > calculateGroupings (1)         [100%] 1 of 1 ✔
[-        ] process > enrichClusterSummary           -
[-        ] process > createNetworkGraphML           -

executor >  local (132)
[aa/e00e32] process > filesummary (1)                [100%] 1 of 1 ✔
[d0/9c59e3] process > quantification_table_reform... [100%] 1 of 1 ✔
[41/7b7aee] process > filter_spectra (1)             [100%] 1 of 1 ✔
[a5/6b749c] process > librarySearchData (51)         [ 93%] 58 of 62
[-        ] process > librarymergeResults            -
[9b/5ff2af] process > summaryLibrary (33)            [100%] 62 of 62 ✔
[-        ] process > librarygetGNPSAnnotations      -
[f9/540823] process > networkingGNPSPrepParams (1)   [100%] 1 of 1 ✔
[e3/63ae91] process > calculatePairs (1)             [100%] 1 of 1 ✔
[14/c6582d] process > filterNetwork (1)              [100%] 1 of 1 ✔
[c6/ae86ea] process > createMetadataFile             [100%] 1 of 1 ✔
[47/0ca238] process > calculateGroupings (1)         [100%] 1 of 1 ✔
[-        ] process > enrichClusterSummary           -
[-        ] process > createNetworkGraphML           -

executor >  local (132)
[aa/e00e32] process > filesummary (1)                [100%] 1 of 1 ✔
[d0/9c59e3] process > quantification_table_reform... [100%] 1 of 1 ✔
[41/7b7aee] process > filter_spectra (1)             [100%] 1 of 1 ✔
[ce/463e80] process > librarySearchData (9)          [ 95%] 59 of 62
[-        ] process > librarymergeResults            -
[9b/5ff2af] process > summaryLibrary (33)            [100%] 62 of 62 ✔
[-        ] process > librarygetGNPSAnnotations      -
[f9/540823] process > networkingGNPSPrepParams (1)   [100%] 1 of 1 ✔
[e3/63ae91] process > calculatePairs (1)             [100%] 1 of 1 ✔
[14/c6582d] process > filterNetwork (1)              [100%] 1 of 1 ✔
[c6/ae86ea] process > createMetadataFile             [100%] 1 of 1 ✔
[47/0ca238] process > calculateGroupings (1)         [100%] 1 of 1 ✔
[-        ] process > enrichClusterSummary           -
[-        ] process > createNetworkGraphML           -

executor >  local (132)
[aa/e00e32] process > filesummary (1)                [100%] 1 of 1 ✔
[d0/9c59e3] process > quantification_table_reform... [100%] 1 of 1 ✔
[41/7b7aee] process > filter_spectra (1)             [100%] 1 of 1 ✔
[20/f5e4a1] process > librarySearchData (50)         [ 96%] 60 of 62
[-        ] process > librarymergeResults            -
[9b/5ff2af] process > summaryLibrary (33)            [100%] 62 of 62 ✔
[-        ] process > librarygetGNPSAnnotations      -
[f9/540823] process > networkingGNPSPrepParams (1)   [100%] 1 of 1 ✔
[e3/63ae91] process > calculatePairs (1)             [100%] 1 of 1 ✔
[14/c6582d] process > filterNetwork (1)              [100%] 1 of 1 ✔
[c6/ae86ea] process > createMetadataFile             [100%] 1 of 1 ✔
[47/0ca238] process > calculateGroupings (1)         [100%] 1 of 1 ✔
[-        ] process > enrichClusterSummary           -
[-        ] process > createNetworkGraphML           -

executor >  local (132)
[aa/e00e32] process > filesummary (1)                [100%] 1 of 1 ✔
[d0/9c59e3] process > quantification_table_reform... [100%] 1 of 1 ✔
[41/7b7aee] process > filter_spectra (1)             [100%] 1 of 1 ✔
[74/9fc8d5] process > librarySearchData (56)         [ 98%] 61 of 62
[-        ] process > librarymergeResults            -
[9b/5ff2af] process > summaryLibrary (33)            [100%] 62 of 62 ✔
[-        ] process > librarygetGNPSAnnotations      -
[f9/540823] process > networkingGNPSPrepParams (1)   [100%] 1 of 1 ✔
[e3/63ae91] process > calculatePairs (1)             [100%] 1 of 1 ✔
[14/c6582d] process > filterNetwork (1)              [100%] 1 of 1 ✔
[c6/ae86ea] process > createMetadataFile             [100%] 1 of 1 ✔
[47/0ca238] process > calculateGroupings (1)         [100%] 1 of 1 ✔
[-        ] process > enrichClusterSummary           -
[-        ] process > createNetworkGraphML           -

executor >  local (133)
[aa/e00e32] process > filesummary (1)                [100%] 1 of 1 ✔
[d0/9c59e3] process > quantification_table_reform... [100%] 1 of 1 ✔
[41/7b7aee] process > filter_spectra (1)             [100%] 1 of 1 ✔
[bb/aab815] process > librarySearchData (32)         [100%] 62 of 62 ✔
[4f/3f6ce4] process > librarymergeResults            [  0%] 0 of 1
[9b/5ff2af] process > summaryLibrary (33)            [100%] 62 of 62 ✔
[-        ] process > librarygetGNPSAnnotations      -
[f9/540823] process > networkingGNPSPrepParams (1)   [100%] 1 of 1 ✔
[e3/63ae91] process > calculatePairs (1)             [100%] 1 of 1 ✔
[14/c6582d] process > filterNetwork (1)              [100%] 1 of 1 ✔
[c6/ae86ea] process > createMetadataFile             [100%] 1 of 1 ✔
[47/0ca238] process > calculateGroupings (1)         [100%] 1 of 1 ✔
[-        ] process > enrichClusterSummary           -
[-        ] process > createNetworkGraphML           -

executor >  local (133)
[aa/e00e32] process > filesummary (1)                [100%] 1 of 1 ✔
[d0/9c59e3] process > quantification_table_reform... [100%] 1 of 1 ✔
[41/7b7aee] process > filter_spectra (1)             [100%] 1 of 1 ✔
[bb/aab815] process > librarySearchData (32)         [100%] 62 of 62 ✔
[4f/3f6ce4] process > librarymergeResults            [  0%] 0 of 1
[9b/5ff2af] process > summaryLibrary (33)            [100%] 62 of 62 ✔
[-        ] process > librarygetGNPSAnnotations      -
[f9/540823] process > networkingGNPSPrepParams (1)   [100%] 1 of 1 ✔
[e3/63ae91] process > calculatePairs (1)             [100%] 1 of 1 ✔
[14/c6582d] process > filterNetwork (1)              [100%] 1 of 1 ✔
[c6/ae86ea] process > createMetadataFile             [100%] 1 of 1 ✔
[47/0ca238] process > calculateGroupings (1)         [100%] 1 of 1 ✔
[-        ] process > enrichClusterSummary           -
[-        ] process > createNetworkGraphML           -

executor >  local (134)
[aa/e00e32] process > filesummary (1)                [100%] 1 of 1 ✔
[d0/9c59e3] process > quantification_table_reform... [100%] 1 of 1 ✔
[41/7b7aee] process > filter_spectra (1)             [100%] 1 of 1 ✔
[bb/aab815] process > librarySearchData (32)         [100%] 62 of 62 ✔
[4f/3f6ce4] process > librarymergeResults            [100%] 1 of 1 ✔
[9b/5ff2af] process > summaryLibrary (33)            [100%] 62 of 62 ✔
[a0/6f06ae] process > librarygetGNPSAnnotations (1)  [  0%] 0 of 1
[f9/540823] process > networkingGNPSPrepParams (1)   [100%] 1 of 1 ✔
[e3/63ae91] process > calculatePairs (1)             [100%] 1 of 1 ✔
[14/c6582d] process > filterNetwork (1)              [100%] 1 of 1 ✔
[c6/ae86ea] process > createMetadataFile             [100%] 1 of 1 ✔
[47/0ca238] process > calculateGroupings (1)         [100%] 1 of 1 ✔
[-        ] process > enrichClusterSummary           -
[-        ] process > createNetworkGraphML           -

executor >  local (135)
[aa/e00e32] process > filesummary (1)                [100%] 1 of 1 ✔
[d0/9c59e3] process > quantification_table_reform... [100%] 1 of 1 ✔
[41/7b7aee] process > filter_spectra (1)             [100%] 1 of 1 ✔
[bb/aab815] process > librarySearchData (32)         [100%] 62 of 62 ✔
[4f/3f6ce4] process > librarymergeResults            [100%] 1 of 1 ✔
[9b/5ff2af] process > summaryLibrary (33)            [100%] 62 of 62 ✔
[a0/6f06ae] process > librarygetGNPSAnnotations (1)  [100%] 1 of 1 ✔
[f9/540823] process > networkingGNPSPrepParams (1)   [100%] 1 of 1 ✔
[e3/63ae91] process > calculatePairs (1)             [100%] 1 of 1 ✔
[14/c6582d] process > filterNetwork (1)              [100%] 1 of 1 ✔
[c6/ae86ea] process > createMetadataFile             [100%] 1 of 1 ✔
[47/0ca238] process > calculateGroupings (1)         [100%] 1 of 1 ✔
[2a/d27984] process > enrichClusterSummary (1)       [  0%] 0 of 1
[-        ] process > createNetworkGraphML           -

executor >  local (136)
[aa/e00e32] process > filesummary (1)                [100%] 1 of 1 ✔
[d0/9c59e3] process > quantification_table_reform... [100%] 1 of 1 ✔
[41/7b7aee] process > filter_spectra (1)             [100%] 1 of 1 ✔
[bb/aab815] process > librarySearchData (32)         [100%] 62 of 62 ✔
[4f/3f6ce4] process > librarymergeResults            [100%] 1 of 1 ✔
[9b/5ff2af] process > summaryLibrary (33)            [100%] 62 of 62 ✔
[a0/6f06ae] process > librarygetGNPSAnnotations (1)  [100%] 1 of 1 ✔
[f9/540823] process > networkingGNPSPrepParams (1)   [100%] 1 of 1 ✔
[e3/63ae91] process > calculatePairs (1)             [100%] 1 of 1 ✔
[14/c6582d] process > filterNetwork (1)              [100%] 1 of 1 ✔
[c6/ae86ea] process > createMetadataFile             [100%] 1 of 1 ✔
[47/0ca238] process > calculateGroupings (1)         [100%] 1 of 1 ✔
[2a/d27984] process > enrichClusterSummary (1)       [100%] 1 of 1 ✔
[5f/bae071] process > createNetworkGraphML (1)       [  0%] 0 of 1

executor >  local (136)
[aa/e00e32] process > filesummary (1)                [100%] 1 of 1 ✔
[d0/9c59e3] process > quantification_table_reform... [100%] 1 of 1 ✔
[41/7b7aee] process > filter_spectra (1)             [100%] 1 of 1 ✔
[bb/aab815] process > librarySearchData (32)         [100%] 62 of 62 ✔
[4f/3f6ce4] process > librarymergeResults            [100%] 1 of 1 ✔
[9b/5ff2af] process > summaryLibrary (33)            [100%] 62 of 62 ✔
[a0/6f06ae] process > librarygetGNPSAnnotations (1)  [100%] 1 of 1 ✔
[f9/540823] process > networkingGNPSPrepParams (1)   [100%] 1 of 1 ✔
[e3/63ae91] process > calculatePairs (1)             [100%] 1 of 1 ✔
[14/c6582d] process > filterNetwork (1)              [100%] 1 of 1 ✔
[c6/ae86ea] process > createMetadataFile             [100%] 1 of 1 ✔
[47/0ca238] process > calculateGroupings (1)         [100%] 1 of 1 ✔
[2a/d27984] process > enrichClusterSummary (1)       [100%] 1 of 1 ✔
[5f/bae071] process > createNetworkGraphML (1)       [  0%] 0 of 1

executor >  local (136)
[aa/e00e32] process > filesummary (1)                [100%] 1 of 1 ✔
[d0/9c59e3] process > quantification_table_reform... [100%] 1 of 1 ✔
[41/7b7aee] process > filter_spectra (1)             [100%] 1 of 1 ✔
[bb/aab815] process > librarySearchData (32)         [100%] 62 of 62 ✔
[4f/3f6ce4] process > librarymergeResults            [100%] 1 of 1 ✔
[9b/5ff2af] process > summaryLibrary (33)            [100%] 62 of 62 ✔
[a0/6f06ae] process > librarygetGNPSAnnotations (1)  [100%] 1 of 1 ✔
[f9/540823] process > networkingGNPSPrepParams (1)   [100%] 1 of 1 ✔
[e3/63ae91] process > calculatePairs (1)             [100%] 1 of 1 ✔
[14/c6582d] process > filterNetwork (1)              [100%] 1 of 1 ✔
[c6/ae86ea] process > createMetadataFile             [100%] 1 of 1 ✔
[47/0ca238] process > calculateGroupings (1)         [100%] 1 of 1 ✔
[2a/d27984] process > enrichClusterSummary (1)       [100%] 1 of 1 ✔
[5f/bae071] process > createNetworkGraphML (1)       [100%] 1 of 1 ✔

executor >  local (136)
[aa/e00e32] process > filesummary (1)                [100%] 1 of 1 ✔
[d0/9c59e3] process > quantification_table_reform... [100%] 1 of 1 ✔
[41/7b7aee] process > filter_spectra (1)             [100%] 1 of 1 ✔
[bb/aab815] process > librarySearchData (32)         [100%] 62 of 62 ✔
[4f/3f6ce4] process > librarymergeResults            [100%] 1 of 1 ✔
[9b/5ff2af] process > summaryLibrary (33)            [100%] 62 of 62 ✔
[a0/6f06ae] process > librarygetGNPSAnnotations (1)  [100%] 1 of 1 ✔
[f9/540823] process > networkingGNPSPrepParams (1)   [100%] 1 of 1 ✔
[e3/63ae91] process > calculatePairs (1)             [100%] 1 of 1 ✔
[14/c6582d] process > filterNetwork (1)              [100%] 1 of 1 ✔
[c6/ae86ea] process > createMetadataFile             [100%] 1 of 1 ✔
[47/0ca238] process > calculateGroupings (1)         [100%] 1 of 1 ✔
[2a/d27984] process > enrichClusterSummary (1)       [100%] 1 of 1 ✔
[5f/bae071] process > createNetworkGraphML (1)       [100%] 1 of 1 ✔
Completed at: 31-Jul-2024 13:59:11
Duration    : 4m 36s
CPU hours   : 0.4
Succeeded   : 136


